<?xml version="1.0" encoding="UTF-8" ?>
<testsuite tests="14" failures="0" name="com.cloudsrcsoft.beans.EmpTest" time="0.286" errors="0" skipped="0">
  <properties>
    <property name="java.runtime.name" value="Java(TM) SE Runtime Environment"/>
    <property name="sun.boot.library.path" value="/home/dayisboada/jdk1.8.0_111/jre/lib/amd64"/>
    <property name="java.vm.version" value="25.111-b14"/>
    <property name="java.vm.vendor" value="Oracle Corporation"/>
    <property name="java.vendor.url" value="http://java.oracle.com/"/>
    <property name="path.separator" value=":"/>
    <property name="guice.disable.misplaced.annotation.check" value="true"/>
    <property name="java.vm.name" value="Java HotSpot(TM) 64-Bit Server VM"/>
    <property name="file.encoding.pkg" value="sun.io"/>
    <property name="user.country" value="CO"/>
    <property name="sun.java.launcher" value="SUN_STANDARD"/>
    <property name="sun.os.patch.level" value="unknown"/>
    <property name="java.vm.specification.name" value="Java Virtual Machine Specification"/>
    <property name="user.dir" value="/home/dayisboada/Documentos/trabajos/PruebaProyect/VentasSpringMVC"/>
    <property name="java.runtime.version" value="1.8.0_111-b14"/>
    <property name="java.awt.graphicsenv" value="sun.awt.X11GraphicsEnvironment"/>
    <property name="java.endorsed.dirs" value="/home/dayisboada/jdk1.8.0_111/jre/lib/endorsed"/>
    <property name="os.arch" value="amd64"/>
    <property name="java.io.tmpdir" value="/tmp"/>
    <property name="line.separator" value="
"/>
    <property name="java.vm.specification.vendor" value="Oracle Corporation"/>
    <property name="os.name" value="Linux"/>
    <property name="maven.ext.class.path" value="/home/dayisboada/netbeans-8.2/java/maven-nblib/netbeans-eventspy.jar:/home/dayisboada/netbeans-8.2/java/maven-nblib/netbeans-eventspy.jar"/>
    <property name="classworlds.conf" value="/home/dayisboada/netbeans-8.2/java/maven/bin/m2.conf"/>
    <property name="sun.jnu.encoding" value="UTF-8"/>
    <property name="java.library.path" value="/home/dayisboada/jdk1.8.0_111/jre/lib/amd64:/home/dayisboada/jdk1.8.0_111/jre/lib/i386::/usr/java/packages/lib/amd64:/usr/lib64:/lib64:/lib:/usr/lib"/>
    <property name="java.specification.name" value="Java Platform API Specification"/>
    <property name="java.class.version" value="52.0"/>
    <property name="sun.management.compiler" value="HotSpot 64-Bit Tiered Compilers"/>
    <property name="os.version" value="5.0.0-37-generic"/>
    <property name="user.home" value="/home/dayisboada"/>
    <property name="user.timezone" value="America/Bogota"/>
    <property name="java.awt.printerjob" value="sun.print.PSPrinterJob"/>
    <property name="file.encoding" value="UTF-8"/>
    <property name="java.specification.version" value="1.8"/>
    <property name="user.name" value="dayisboada"/>
    <property name="java.class.path" value="/home/dayisboada/netbeans-8.2/java/maven/boot/plexus-classworlds-2.4.jar"/>
    <property name="java.vm.specification.version" value="1.8"/>
    <property name="sun.arch.data.model" value="64"/>
    <property name="java.home" value="/home/dayisboada/jdk1.8.0_111/jre"/>
    <property name="sun.java.command" value="org.codehaus.plexus.classworlds.launcher.Launcher -Dmaven.ext.class.path=/home/dayisboada/netbeans-8.2/java/maven-nblib/netbeans-eventspy.jar:/home/dayisboada/netbeans-8.2/java/maven-nblib/netbeans-eventspy.jar test"/>
    <property name="java.specification.vendor" value="Oracle Corporation"/>
    <property name="user.language" value="es"/>
    <property name="awt.toolkit" value="sun.awt.X11.XToolkit"/>
    <property name="java.vm.info" value="mixed mode"/>
    <property name="java.version" value="1.8.0_111"/>
    <property name="java.ext.dirs" value="/home/dayisboada/jdk1.8.0_111/jre/lib/ext:/usr/java/packages/lib/ext"/>
    <property name="securerandom.source" value="file:/dev/./urandom"/>
    <property name="sun.boot.class.path" value="/home/dayisboada/jdk1.8.0_111/jre/lib/resources.jar:/home/dayisboada/jdk1.8.0_111/jre/lib/rt.jar:/home/dayisboada/jdk1.8.0_111/jre/lib/sunrsasign.jar:/home/dayisboada/jdk1.8.0_111/jre/lib/jsse.jar:/home/dayisboada/jdk1.8.0_111/jre/lib/jce.jar:/home/dayisboada/jdk1.8.0_111/jre/lib/charsets.jar:/home/dayisboada/jdk1.8.0_111/jre/lib/jfr.jar:/home/dayisboada/jdk1.8.0_111/jre/classes"/>
    <property name="java.vendor" value="Oracle Corporation"/>
    <property name="maven.home" value="/home/dayisboada/netbeans-8.2/java/maven"/>
    <property name="file.separator" value="/"/>
    <property name="java.vendor.url.bug" value="http://bugreport.sun.com/bugreport/"/>
    <property name="sun.cpu.endian" value="little"/>
    <property name="sun.io.unicode.encoding" value="UnicodeLittle"/>
    <property name="sun.desktop" value="gnome"/>
    <property name="sun.cpu.isalist" value=""/>
  </properties>
  <testcase classname="com.cloudsrcsoft.beans.EmpTest" name="testSetNombres" time="0.019"/>
  <testcase classname="com.cloudsrcsoft.beans.EmpTest" name="testGetId" time="0.001"/>
  <testcase classname="com.cloudsrcsoft.beans.EmpTest" name="testGetApellido" time="0.001"/>
  <testcase classname="com.cloudsrcsoft.beans.EmpTest" name="testSetId" time="0"/>
  <testcase classname="com.cloudsrcsoft.beans.EmpTest" name="testGetNombres" time="0"/>
  <testcase classname="com.cloudsrcsoft.beans.EmpTest" name="testSetApellido" time="0.001"/>
  <testcase classname="com.cloudsrcsoft.beans.EmpTest" name="testGetCorreo" time="0"/>
  <testcase classname="com.cloudsrcsoft.beans.EmpTest" name="testSetCorreo" time="0"/>
  <testcase classname="com.cloudsrcsoft.beans.EmpTest" name="testGetDireccion" time="0"/>
  <testcase classname="com.cloudsrcsoft.beans.EmpTest" name="testSetDireccion" time="0"/>
  <testcase classname="com.cloudsrcsoft.beans.EmpTest" name="testGetTipodoc" time="0"/>
  <testcase classname="com.cloudsrcsoft.beans.EmpTest" name="testSetTipodoc" time="0"/>
  <testcase classname="com.cloudsrcsoft.beans.EmpTest" name="testGetDocumento" time="0.001"/>
  <testcase classname="com.cloudsrcsoft.beans.EmpTest" name="testSetDocumento" time="0"/>
</testsuite>